build/app/intermediates/manifest_merge_blame_file/release/manifest-merger-blame-release-report.txt
1<?xml version="1.0" encoding="utf-8"?>
2<manifest xmlns:android="http://schemas.android.com/apk/res/android"
3    package="com.example.serv_now"
4    android:versionCode="1"
5    android:versionName="1.0.0" >
6
7    <uses-sdk
8        android:minSdkVersion="19"
8-->src/main/AndroidManifest.xml
9        android:targetSdkVersion="33" />
9-->src/main/AndroidManifest.xml
10
11    <uses-permission android:name="android.permission.INTERNET" />
11-->src/main/AndroidManifest.xml:2:5-67
11-->src/main/AndroidManifest.xml:2:22-64
12    <uses-permission android:name="android.permission.ACCESS_FINE_LOCATION" />
12-->src/main/AndroidManifest.xml:3:2-76
12-->src/main/AndroidManifest.xml:3:19-73
13    <uses-permission android:name="android.permission.ACCESS_COARSE_LOCATION" />
13-->src/main/AndroidManifest.xml:4:2-78
13-->src/main/AndroidManifest.xml:4:19-75
14    <uses-permission android:name="android.permission.CAMERA" />
14-->src/main/AndroidManifest.xml:5:2-62
14-->src/main/AndroidManifest.xml:5:19-59
15    <uses-permission android:name="android.permission.WRITE_EXTERNAL_STORAGE" />
15-->src/main/AndroidManifest.xml:6:2-78
15-->src/main/AndroidManifest.xml:6:19-75
16    <uses-permission android:name="android.permission.READ_EXTERNAL_STORAGE" />
16-->src/main/AndroidManifest.xml:7:2-77
16-->src/main/AndroidManifest.xml:7:19-74
17
18    <queries>
18-->src/main/AndroidManifest.xml:9:5-14:15
19        <intent>
19-->src/main/AndroidManifest.xml:10:9-13:18
20            <action android:name="android.intent.action.VIEW" />
20-->src/main/AndroidManifest.xml:11:13-65
20-->src/main/AndroidManifest.xml:11:21-62
21
22            <data android:scheme="tel" />
22-->src/main/AndroidManifest.xml:12:13-42
22-->src/main/AndroidManifest.xml:12:19-39
23        </intent>
24    </queries>
25
26    <uses-permission android:name="android.permission.ACCESS_NETWORK_STATE" />
26-->[:connectivity_plus] AndroidManifest.xml:9:5-79
26-->[:connectivity_plus] AndroidManifest.xml:9:22-76
27
28    <permission
28-->[androidx.core:core:1.10.1] AndroidManifest.xml:22:5-24:47
29        android:name="com.example.serv_now.DYNAMIC_RECEIVER_NOT_EXPORTED_PERMISSION"
29-->[androidx.core:core:1.10.1] AndroidManifest.xml:23:9-81
30        android:protectionLevel="signature" />
30-->[androidx.core:core:1.10.1] AndroidManifest.xml:24:9-44
31
32    <uses-permission android:name="com.example.serv_now.DYNAMIC_RECEIVER_NOT_EXPORTED_PERMISSION" />
32-->[androidx.core:core:1.10.1] AndroidManifest.xml:26:5-97
32-->[androidx.core:core:1.10.1] AndroidManifest.xml:26:22-94
33
34    <application
35        android:name="io.flutter.app.FlutterMultiDexApplication"
35-->src/main/AndroidManifest.xml:18:9-42
36        android:appComponentFactory="androidx.core.app.CoreComponentFactory"
36-->[androidx.core:core:1.10.1] AndroidManifest.xml:28:18-86
37        android:enableOnBackInvokedCallback="true"
37-->src/main/AndroidManifest.xml:20:9-51
38        android:icon="@mipmap/ic_launcher"
38-->src/main/AndroidManifest.xml:19:9-43
39        android:label="serv_now" >
39-->src/main/AndroidManifest.xml:17:9-33
40
41        <!-- Add the following line to enable OnBackInvokedCallback -->
42        <meta-data
42-->src/main/AndroidManifest.xml:22:9-24:36
43            android:name="io.flutter.embedding.android.EnableOnBackPressedCallback"
43-->src/main/AndroidManifest.xml:23:13-84
44            android:value="true" />
44-->src/main/AndroidManifest.xml:24:13-33
45
46        <activity
46-->src/main/AndroidManifest.xml:25:9-46:20
47            android:name="com.example.serv_now_new.MainActivity"
47-->src/main/AndroidManifest.xml:26:13-41
48            android:configChanges="orientation|keyboardHidden|keyboard|screenSize|smallestScreenSize|locale|layoutDirection|fontScale|screenLayout|density|uiMode"
48-->src/main/AndroidManifest.xml:30:13-163
49            android:exported="true"
49-->src/main/AndroidManifest.xml:27:13-36
50            android:hardwareAccelerated="true"
50-->src/main/AndroidManifest.xml:31:13-47
51            android:launchMode="singleTop"
51-->src/main/AndroidManifest.xml:28:13-43
52            android:theme="@style/LaunchTheme"
52-->src/main/AndroidManifest.xml:29:13-47
53            android:windowSoftInputMode="adjustResize" >
53-->src/main/AndroidManifest.xml:32:13-55
54
55            <!--
56                 Specifies an Android theme to apply to this Activity as soon as
57                 the Android process has started. This theme is visible to the user
58                 while the Flutter UI initializes. After that, this theme continues
59                 to determine the Window background behind the Flutter UI.
60            -->
61            <meta-data
61-->src/main/AndroidManifest.xml:37:13-40:17
62                android:name="io.flutter.embedding.android.NormalTheme"
62-->src/main/AndroidManifest.xml:38:15-70
63                android:resource="@style/NormalTheme" />
63-->src/main/AndroidManifest.xml:39:15-52
64
65            <intent-filter>
65-->src/main/AndroidManifest.xml:41:13-44:29
66                <action android:name="android.intent.action.MAIN" />
66-->src/main/AndroidManifest.xml:42:17-68
66-->src/main/AndroidManifest.xml:42:25-66
67
68                <category android:name="android.intent.category.LAUNCHER" />
68-->src/main/AndroidManifest.xml:43:17-76
68-->src/main/AndroidManifest.xml:43:27-74
69            </intent-filter>
70        </activity>
71
72        <!--
73             Don't delete the meta-data below.
74             This is used by the Flutter tool to generate GeneratedPluginRegistrant.java
75        -->
76        <meta-data
76-->src/main/AndroidManifest.xml:50:9-52:33
77            android:name="flutterEmbedding"
77-->src/main/AndroidManifest.xml:51:13-44
78            android:value="2" />
78-->src/main/AndroidManifest.xml:52:13-30
79
80        <service
80-->[:firebase_app_check] AndroidManifest.xml:10:9-14:19
81            android:name="com.google.firebase.components.ComponentDiscoveryService"
81-->[:firebase_app_check] AndroidManifest.xml:10:18-89
82            android:directBootAware="true"
82-->[com.google.firebase:firebase-common:20.4.2] AndroidManifest.xml:32:13-43
83            android:exported="false" >
83-->[com.google.firebase:firebase-appcheck-debug:17.1.1] AndroidManifest.xml:24:13-37
84            <meta-data
84-->[:firebase_app_check] AndroidManifest.xml:11:13-13:85
85                android:name="com.google.firebase.components:io.flutter.plugins.firebase.appcheck.FlutterFirebaseAppRegistrar"
85-->[:firebase_app_check] AndroidManifest.xml:12:17-127
86                android:value="com.google.firebase.components.ComponentRegistrar" />
86-->[:firebase_app_check] AndroidManifest.xml:13:17-82
87            <meta-data
87-->[:cloud_firestore] AndroidManifest.xml:11:13-13:85
88                android:name="com.google.firebase.components:io.flutter.plugins.firebase.firestore.FlutterFirebaseFirestoreRegistrar"
88-->[:cloud_firestore] AndroidManifest.xml:12:17-134
89                android:value="com.google.firebase.components.ComponentRegistrar" />
89-->[:cloud_firestore] AndroidManifest.xml:13:17-82
90            <meta-data
90-->[:firebase_auth] AndroidManifest.xml:11:13-13:85
91                android:name="com.google.firebase.components:io.flutter.plugins.firebase.auth.FlutterFirebaseAuthRegistrar"
91-->[:firebase_auth] AndroidManifest.xml:12:17-124
92                android:value="com.google.firebase.components.ComponentRegistrar" />
92-->[:firebase_auth] AndroidManifest.xml:13:17-82
93            <meta-data
93-->[:firebase_storage] AndroidManifest.xml:11:13-13:85
94                android:name="com.google.firebase.components:io.flutter.plugins.firebase.storage.FlutterFirebaseAppRegistrar"
94-->[:firebase_storage] AndroidManifest.xml:12:17-126
95                android:value="com.google.firebase.components.ComponentRegistrar" />
95-->[:firebase_storage] AndroidManifest.xml:13:17-82
96            <meta-data
96-->[:firebase_core] AndroidManifest.xml:11:13-13:85
97                android:name="com.google.firebase.components:io.flutter.plugins.firebase.core.FlutterFirebaseCoreRegistrar"
97-->[:firebase_core] AndroidManifest.xml:12:17-124
98                android:value="com.google.firebase.components.ComponentRegistrar" />
98-->[:firebase_core] AndroidManifest.xml:13:17-82
99            <meta-data
99-->[com.google.firebase:firebase-appcheck-debug:17.1.1] AndroidManifest.xml:25:13-27:85
100                android:name="com.google.firebase.components:com.google.firebase.appcheck.debug.FirebaseAppCheckDebugRegistrar"
100-->[com.google.firebase:firebase-appcheck-debug:17.1.1] AndroidManifest.xml:26:17-128
101                android:value="com.google.firebase.components.ComponentRegistrar" />
101-->[com.google.firebase:firebase-appcheck-debug:17.1.1] AndroidManifest.xml:27:17-82
102            <meta-data
102-->[com.google.firebase:firebase-auth:22.2.0] AndroidManifest.xml:69:13-71:85
103                android:name="com.google.firebase.components:com.google.firebase.auth.FirebaseAuthRegistrar"
103-->[com.google.firebase:firebase-auth:22.2.0] AndroidManifest.xml:70:17-109
104                android:value="com.google.firebase.components.ComponentRegistrar" />
104-->[com.google.firebase:firebase-auth:22.2.0] AndroidManifest.xml:71:17-82
105            <meta-data
105-->[com.google.firebase:firebase-firestore:24.9.1] AndroidManifest.xml:17:13-19:85
106                android:name="com.google.firebase.components:com.google.firebase.firestore.FirebaseFirestoreKtxRegistrar"
106-->[com.google.firebase:firebase-firestore:24.9.1] AndroidManifest.xml:18:17-122
107                android:value="com.google.firebase.components.ComponentRegistrar" />
107-->[com.google.firebase:firebase-firestore:24.9.1] AndroidManifest.xml:19:17-82
108            <meta-data
108-->[com.google.firebase:firebase-firestore:24.9.1] AndroidManifest.xml:20:13-22:85
109                android:name="com.google.firebase.components:com.google.firebase.firestore.FirestoreRegistrar"
109-->[com.google.firebase:firebase-firestore:24.9.1] AndroidManifest.xml:21:17-111
110                android:value="com.google.firebase.components.ComponentRegistrar" />
110-->[com.google.firebase:firebase-firestore:24.9.1] AndroidManifest.xml:22:17-82
111            <meta-data
111-->[com.google.firebase:firebase-appcheck-playintegrity:17.1.1] AndroidManifest.xml:25:13-27:85
112                android:name="com.google.firebase.components:com.google.firebase.appcheck.playintegrity.FirebaseAppCheckPlayIntegrityRegistrar"
112-->[com.google.firebase:firebase-appcheck-playintegrity:17.1.1] AndroidManifest.xml:26:17-144
113                android:value="com.google.firebase.components.ComponentRegistrar" />
113-->[com.google.firebase:firebase-appcheck-playintegrity:17.1.1] AndroidManifest.xml:27:17-82
114            <meta-data
114-->[com.google.firebase:firebase-storage:20.3.0] AndroidManifest.xml:30:13-32:85
115                android:name="com.google.firebase.components:com.google.firebase.storage.FirebaseStorageKtxRegistrar"
115-->[com.google.firebase:firebase-storage:20.3.0] AndroidManifest.xml:31:17-118
116                android:value="com.google.firebase.components.ComponentRegistrar" />
116-->[com.google.firebase:firebase-storage:20.3.0] AndroidManifest.xml:32:17-82
117            <meta-data
117-->[com.google.firebase:firebase-storage:20.3.0] AndroidManifest.xml:33:13-35:85
118                android:name="com.google.firebase.components:com.google.firebase.storage.StorageRegistrar"
118-->[com.google.firebase:firebase-storage:20.3.0] AndroidManifest.xml:34:17-107
119                android:value="com.google.firebase.components.ComponentRegistrar" />
119-->[com.google.firebase:firebase-storage:20.3.0] AndroidManifest.xml:35:17-82
120            <meta-data
120-->[com.google.firebase:firebase-appcheck-safetynet:16.1.2] AndroidManifest.xml:27:13-29:85
121                android:name="com.google.firebase.components:com.google.firebase.appcheck.safetynet.FirebaseAppCheckSafetyNetRegistrar"
121-->[com.google.firebase:firebase-appcheck-safetynet:16.1.2] AndroidManifest.xml:28:17-136
122                android:value="com.google.firebase.components.ComponentRegistrar" />
122-->[com.google.firebase:firebase-appcheck-safetynet:16.1.2] AndroidManifest.xml:29:17-82
123            <meta-data
123-->[com.google.firebase:firebase-appcheck:17.1.1] AndroidManifest.xml:25:13-27:85
124                android:name="com.google.firebase.components:com.google.firebase.appcheck.FirebaseAppCheckKtxRegistrar"
124-->[com.google.firebase:firebase-appcheck:17.1.1] AndroidManifest.xml:26:17-120
125                android:value="com.google.firebase.components.ComponentRegistrar" />
125-->[com.google.firebase:firebase-appcheck:17.1.1] AndroidManifest.xml:27:17-82
126            <meta-data
126-->[com.google.firebase:firebase-appcheck:17.1.1] AndroidManifest.xml:28:13-30:85
127                android:name="com.google.firebase.components:com.google.firebase.appcheck.FirebaseAppCheckRegistrar"
127-->[com.google.firebase:firebase-appcheck:17.1.1] AndroidManifest.xml:29:17-117
128                android:value="com.google.firebase.components.ComponentRegistrar" />
128-->[com.google.firebase:firebase-appcheck:17.1.1] AndroidManifest.xml:30:17-82
129            <meta-data
129-->[com.google.firebase:firebase-common-ktx:20.4.2] AndroidManifest.xml:12:13-14:85
130                android:name="com.google.firebase.components:com.google.firebase.ktx.FirebaseCommonLegacyRegistrar"
130-->[com.google.firebase:firebase-common-ktx:20.4.2] AndroidManifest.xml:13:17-116
131                android:value="com.google.firebase.components.ComponentRegistrar" />
131-->[com.google.firebase:firebase-common-ktx:20.4.2] AndroidManifest.xml:14:17-82
132            <meta-data
132-->[com.google.firebase:firebase-common:20.4.2] AndroidManifest.xml:35:13-37:85
133                android:name="com.google.firebase.components:com.google.firebase.FirebaseCommonKtxRegistrar"
133-->[com.google.firebase:firebase-common:20.4.2] AndroidManifest.xml:36:17-109
134                android:value="com.google.firebase.components.ComponentRegistrar" />
134-->[com.google.firebase:firebase-common:20.4.2] AndroidManifest.xml:37:17-82
135        </service>
136        <service
136-->[:geolocator_android] AndroidManifest.xml:10:9-14:56
137            android:name="com.baseflow.geolocator.GeolocatorLocationService"
137-->[:geolocator_android] AndroidManifest.xml:11:13-77
138            android:enabled="true"
138-->[:geolocator_android] AndroidManifest.xml:12:13-35
139            android:exported="false"
139-->[:geolocator_android] AndroidManifest.xml:13:13-37
140            android:foregroundServiceType="location" />
140-->[:geolocator_android] AndroidManifest.xml:14:13-53
141
142        <provider
142-->[:image_picker_android] AndroidManifest.xml:10:9-18:20
143            android:name="io.flutter.plugins.imagepicker.ImagePickerFileProvider"
143-->[:image_picker_android] AndroidManifest.xml:11:13-82
144            android:authorities="com.example.serv_now.flutter.image_provider"
144-->[:image_picker_android] AndroidManifest.xml:12:13-74
145            android:exported="false"
145-->[:image_picker_android] AndroidManifest.xml:13:13-37
146            android:grantUriPermissions="true" >
146-->[:image_picker_android] AndroidManifest.xml:14:13-47
147            <meta-data
147-->[:image_picker_android] AndroidManifest.xml:15:13-17:75
148                android:name="android.support.FILE_PROVIDER_PATHS"
148-->[:image_picker_android] AndroidManifest.xml:16:17-67
149                android:resource="@xml/flutter_image_picker_file_paths" />
149-->[:image_picker_android] AndroidManifest.xml:17:17-72
150        </provider>
151
152        <activity
152-->[:url_launcher_android] AndroidManifest.xml:10:9-13:74
153            android:name="io.flutter.plugins.urllauncher.WebViewActivity"
153-->[:url_launcher_android] AndroidManifest.xml:11:13-74
154            android:exported="false"
154-->[:url_launcher_android] AndroidManifest.xml:12:13-37
155            android:theme="@android:style/Theme.NoTitleBar.Fullscreen" />
155-->[:url_launcher_android] AndroidManifest.xml:13:13-71
156        <activity
156-->[com.google.firebase:firebase-auth:22.2.0] AndroidManifest.xml:29:9-46:20
157            android:name="com.google.firebase.auth.internal.GenericIdpActivity"
157-->[com.google.firebase:firebase-auth:22.2.0] AndroidManifest.xml:30:13-80
158            android:excludeFromRecents="true"
158-->[com.google.firebase:firebase-auth:22.2.0] AndroidManifest.xml:31:13-46
159            android:exported="true"
159-->[com.google.firebase:firebase-auth:22.2.0] AndroidManifest.xml:32:13-36
160            android:launchMode="singleTask"
160-->[com.google.firebase:firebase-auth:22.2.0] AndroidManifest.xml:33:13-44
161            android:theme="@android:style/Theme.Translucent.NoTitleBar" >
161-->[com.google.firebase:firebase-auth:22.2.0] AndroidManifest.xml:34:13-72
162            <intent-filter>
162-->[com.google.firebase:firebase-auth:22.2.0] AndroidManifest.xml:35:13-45:29
163                <action android:name="android.intent.action.VIEW" />
163-->src/main/AndroidManifest.xml:11:13-65
163-->src/main/AndroidManifest.xml:11:21-62
164
165                <category android:name="android.intent.category.DEFAULT" />
165-->[com.google.firebase:firebase-auth:22.2.0] AndroidManifest.xml:38:17-76
165-->[com.google.firebase:firebase-auth:22.2.0] AndroidManifest.xml:38:27-73
166                <category android:name="android.intent.category.BROWSABLE" />
166-->[com.google.firebase:firebase-auth:22.2.0] AndroidManifest.xml:39:17-78
166-->[com.google.firebase:firebase-auth:22.2.0] AndroidManifest.xml:39:27-75
167
168                <data
168-->src/main/AndroidManifest.xml:12:13-42
169                    android:host="firebase.auth"
170                    android:path="/"
171                    android:scheme="genericidp" />
171-->src/main/AndroidManifest.xml:12:19-39
172            </intent-filter>
173        </activity>
174        <activity
174-->[com.google.firebase:firebase-auth:22.2.0] AndroidManifest.xml:47:9-64:20
175            android:name="com.google.firebase.auth.internal.RecaptchaActivity"
175-->[com.google.firebase:firebase-auth:22.2.0] AndroidManifest.xml:48:13-79
176            android:excludeFromRecents="true"
176-->[com.google.firebase:firebase-auth:22.2.0] AndroidManifest.xml:49:13-46
177            android:exported="true"
177-->[com.google.firebase:firebase-auth:22.2.0] AndroidManifest.xml:50:13-36
178            android:launchMode="singleTask"
178-->[com.google.firebase:firebase-auth:22.2.0] AndroidManifest.xml:51:13-44
179            android:theme="@android:style/Theme.Translucent.NoTitleBar" >
179-->[com.google.firebase:firebase-auth:22.2.0] AndroidManifest.xml:52:13-72
180            <intent-filter>
180-->[com.google.firebase:firebase-auth:22.2.0] AndroidManifest.xml:53:13-63:29
181                <action android:name="android.intent.action.VIEW" />
181-->src/main/AndroidManifest.xml:11:13-65
181-->src/main/AndroidManifest.xml:11:21-62
182
183                <category android:name="android.intent.category.DEFAULT" />
183-->[com.google.firebase:firebase-auth:22.2.0] AndroidManifest.xml:38:17-76
183-->[com.google.firebase:firebase-auth:22.2.0] AndroidManifest.xml:38:27-73
184                <category android:name="android.intent.category.BROWSABLE" />
184-->[com.google.firebase:firebase-auth:22.2.0] AndroidManifest.xml:39:17-78
184-->[com.google.firebase:firebase-auth:22.2.0] AndroidManifest.xml:39:27-75
185
186                <data
186-->src/main/AndroidManifest.xml:12:13-42
187                    android:host="firebase.auth"
188                    android:path="/"
189                    android:scheme="recaptcha" />
189-->src/main/AndroidManifest.xml:12:19-39
190            </intent-filter>
191        </activity>
192
193        <provider
193-->[com.google.firebase:firebase-common:20.4.2] AndroidManifest.xml:23:9-28:39
194            android:name="com.google.firebase.provider.FirebaseInitProvider"
194-->[com.google.firebase:firebase-common:20.4.2] AndroidManifest.xml:24:13-77
195            android:authorities="com.example.serv_now.firebaseinitprovider"
195-->[com.google.firebase:firebase-common:20.4.2] AndroidManifest.xml:25:13-72
196            android:directBootAware="true"
196-->[com.google.firebase:firebase-common:20.4.2] AndroidManifest.xml:26:13-43
197            android:exported="false"
197-->[com.google.firebase:firebase-common:20.4.2] AndroidManifest.xml:27:13-37
198            android:initOrder="100" />
198-->[com.google.firebase:firebase-common:20.4.2] AndroidManifest.xml:28:13-36
199
200        <activity
200-->[com.google.android.gms:play-services-auth:20.4.0] AndroidManifest.xml:23:9-27:75
201            android:name="com.google.android.gms.auth.api.signin.internal.SignInHubActivity"
201-->[com.google.android.gms:play-services-auth:20.4.0] AndroidManifest.xml:24:13-93
202            android:excludeFromRecents="true"
202-->[com.google.android.gms:play-services-auth:20.4.0] AndroidManifest.xml:25:13-46
203            android:exported="false"
203-->[com.google.android.gms:play-services-auth:20.4.0] AndroidManifest.xml:26:13-37
204            android:theme="@android:style/Theme.Translucent.NoTitleBar" />
204-->[com.google.android.gms:play-services-auth:20.4.0] AndroidManifest.xml:27:13-72
205        <!--
206            Service handling Google Sign-In user revocation. For apps that do not integrate with
207            Google Sign-In, this service will never be started.
208        -->
209        <service
209-->[com.google.android.gms:play-services-auth:20.4.0] AndroidManifest.xml:33:9-37:51
210            android:name="com.google.android.gms.auth.api.signin.RevocationBoundService"
210-->[com.google.android.gms:play-services-auth:20.4.0] AndroidManifest.xml:34:13-89
211            android:exported="true"
211-->[com.google.android.gms:play-services-auth:20.4.0] AndroidManifest.xml:35:13-36
212            android:permission="com.google.android.gms.auth.api.signin.permission.REVOCATION_NOTIFICATION"
212-->[com.google.android.gms:play-services-auth:20.4.0] AndroidManifest.xml:36:13-107
213            android:visibleToInstantApps="true" />
213-->[com.google.android.gms:play-services-auth:20.4.0] AndroidManifest.xml:37:13-48
214
215        <activity
215-->[com.google.android.gms:play-services-base:18.1.0] AndroidManifest.xml:20:9-22:45
216            android:name="com.google.android.gms.common.api.GoogleApiActivity"
216-->[com.google.android.gms:play-services-base:18.1.0] AndroidManifest.xml:20:19-85
217            android:exported="false"
217-->[com.google.android.gms:play-services-base:18.1.0] AndroidManifest.xml:22:19-43
218            android:theme="@android:style/Theme.Translucent.NoTitleBar" />
218-->[com.google.android.gms:play-services-base:18.1.0] AndroidManifest.xml:21:19-78
219
220        <meta-data
220-->[com.google.android.gms:play-services-basement:18.1.0] AndroidManifest.xml:21:9-23:69
221            android:name="com.google.android.gms.version"
221-->[com.google.android.gms:play-services-basement:18.1.0] AndroidManifest.xml:22:13-58
222            android:value="@integer/google_play_services_version" />
222-->[com.google.android.gms:play-services-basement:18.1.0] AndroidManifest.xml:23:13-66
223
224        <provider
224-->[com.sangcomz:FishBun:0.11.2] AndroidManifest.xml:12:9-20:20
225            android:name="com.sangcomz.fishbun.FishBunFileProvider"
225-->[com.sangcomz:FishBun:0.11.2] AndroidManifest.xml:13:13-68
226            android:authorities="com.example.serv_now.fishbunfileprovider"
226-->[com.sangcomz:FishBun:0.11.2] AndroidManifest.xml:14:13-71
227            android:exported="false"
227-->[com.sangcomz:FishBun:0.11.2] AndroidManifest.xml:15:13-37
228            android:grantUriPermissions="true" >
228-->[com.sangcomz:FishBun:0.11.2] AndroidManifest.xml:16:13-47
229            <meta-data
229-->[:image_picker_android] AndroidManifest.xml:15:13-17:75
230                android:name="android.support.FILE_PROVIDER_PATHS"
230-->[:image_picker_android] AndroidManifest.xml:16:17-67
231                android:resource="@xml/provider_paths" />
231-->[:image_picker_android] AndroidManifest.xml:17:17-72
232        </provider>
233
234        <activity
234-->[com.sangcomz:FishBun:0.11.2] AndroidManifest.xml:22:9-25:51
235            android:name="com.sangcomz.fishbun.ui.album.AlbumActivity"
235-->[com.sangcomz:FishBun:0.11.2] AndroidManifest.xml:23:13-71
236            android:label="@string/album"
236-->[com.sangcomz:FishBun:0.11.2] AndroidManifest.xml:24:13-42
237            android:theme="@style/FishBunTheme" />
237-->[com.sangcomz:FishBun:0.11.2] AndroidManifest.xml:25:13-48
238        <activity
238-->[com.sangcomz:FishBun:0.11.2] AndroidManifest.xml:26:9-28:51
239            android:name="com.sangcomz.fishbun.ui.picker.PickerActivity"
239-->[com.sangcomz:FishBun:0.11.2] AndroidManifest.xml:27:13-73
240            android:theme="@style/FishBunTheme" />
240-->[com.sangcomz:FishBun:0.11.2] AndroidManifest.xml:28:13-48
241        <activity
241-->[com.sangcomz:FishBun:0.11.2] AndroidManifest.xml:29:9-31:54
242            android:name="com.sangcomz.fishbun.ui.detail.DetailActivity"
242-->[com.sangcomz:FishBun:0.11.2] AndroidManifest.xml:30:13-73
243            android:theme="@style/DetailViewTheme" />
243-->[com.sangcomz:FishBun:0.11.2] AndroidManifest.xml:31:13-51
244
245        <uses-library
245-->[androidx.window:window:1.0.0-beta04] AndroidManifest.xml:25:9-27:40
246            android:name="androidx.window.extensions"
246-->[androidx.window:window:1.0.0-beta04] AndroidManifest.xml:26:13-54
247            android:required="false" />
247-->[androidx.window:window:1.0.0-beta04] AndroidManifest.xml:27:13-37
248        <uses-library
248-->[androidx.window:window:1.0.0-beta04] AndroidManifest.xml:28:9-30:40
249            android:name="androidx.window.sidecar"
249-->[androidx.window:window:1.0.0-beta04] AndroidManifest.xml:29:13-51
250            android:required="false" />
250-->[androidx.window:window:1.0.0-beta04] AndroidManifest.xml:30:13-37
251
252        <provider
252-->[androidx.profileinstaller:profileinstaller:1.3.0] AndroidManifest.xml:24:9-32:20
253            android:name="androidx.startup.InitializationProvider"
253-->[androidx.profileinstaller:profileinstaller:1.3.0] AndroidManifest.xml:25:13-67
254            android:authorities="com.example.serv_now.androidx-startup"
254-->[androidx.profileinstaller:profileinstaller:1.3.0] AndroidManifest.xml:26:13-68
255            android:exported="false" >
255-->[androidx.profileinstaller:profileinstaller:1.3.0] AndroidManifest.xml:27:13-37
256            <meta-data
256-->[androidx.profileinstaller:profileinstaller:1.3.0] AndroidManifest.xml:29:13-31:52
257                android:name="androidx.profileinstaller.ProfileInstallerInitializer"
257-->[androidx.profileinstaller:profileinstaller:1.3.0] AndroidManifest.xml:30:17-85
258                android:value="androidx.startup" />
258-->[androidx.profileinstaller:profileinstaller:1.3.0] AndroidManifest.xml:31:17-49
259        </provider>
260
261        <receiver
261-->[androidx.profileinstaller:profileinstaller:1.3.0] AndroidManifest.xml:34:9-52:20
262            android:name="androidx.profileinstaller.ProfileInstallReceiver"
262-->[androidx.profileinstaller:profileinstaller:1.3.0] AndroidManifest.xml:35:13-76
263            android:directBootAware="false"
263-->[androidx.profileinstaller:profileinstaller:1.3.0] AndroidManifest.xml:36:13-44
264            android:enabled="true"
264-->[androidx.profileinstaller:profileinstaller:1.3.0] AndroidManifest.xml:37:13-35
265            android:exported="true"
265-->[androidx.profileinstaller:profileinstaller:1.3.0] AndroidManifest.xml:38:13-36
266            android:permission="android.permission.DUMP" >
266-->[androidx.profileinstaller:profileinstaller:1.3.0] AndroidManifest.xml:39:13-57
267            <intent-filter>
267-->[androidx.profileinstaller:profileinstaller:1.3.0] AndroidManifest.xml:40:13-42:29
268                <action android:name="androidx.profileinstaller.action.INSTALL_PROFILE" />
268-->[androidx.profileinstaller:profileinstaller:1.3.0] AndroidManifest.xml:41:17-91
268-->[androidx.profileinstaller:profileinstaller:1.3.0] AndroidManifest.xml:41:25-88
269            </intent-filter>
270            <intent-filter>
270-->[androidx.profileinstaller:profileinstaller:1.3.0] AndroidManifest.xml:43:13-45:29
271                <action android:name="androidx.profileinstaller.action.SKIP_FILE" />
271-->[androidx.profileinstaller:profileinstaller:1.3.0] AndroidManifest.xml:44:17-85
271-->[androidx.profileinstaller:profileinstaller:1.3.0] AndroidManifest.xml:44:25-82
272            </intent-filter>
273            <intent-filter>
273-->[androidx.profileinstaller:profileinstaller:1.3.0] AndroidManifest.xml:46:13-48:29
274                <action android:name="androidx.profileinstaller.action.SAVE_PROFILE" />
274-->[androidx.profileinstaller:profileinstaller:1.3.0] AndroidManifest.xml:47:17-88
274-->[androidx.profileinstaller:profileinstaller:1.3.0] AndroidManifest.xml:47:25-85
275            </intent-filter>
276            <intent-filter>
276-->[androidx.profileinstaller:profileinstaller:1.3.0] AndroidManifest.xml:49:13-51:29
277                <action android:name="androidx.profileinstaller.action.BENCHMARK_OPERATION" />
277-->[androidx.profileinstaller:profileinstaller:1.3.0] AndroidManifest.xml:50:17-95
277-->[androidx.profileinstaller:profileinstaller:1.3.0] AndroidManifest.xml:50:25-92
278            </intent-filter>
279        </receiver>
280    </application>
281
282</manifest>